// 同步 ID: 353bd97b @ Sat Jul 11 11:37:56 UTC 2026
// 同步 ID: 478ddd21 @ Sat Jul 11 14:51:58 UTC 2026
// 同步 ID: 014f7b78 @ Sat Jul 11 17:24:10 UTC 2026
// 重构日志: ede39bc2
// 同步 ID: f1ba8bd8 @ Sun Jul 12 14:56:39 UTC 2026
// 重构日志: 180bf40f
// 同步 ID: 5053c3b7 @ Sun Jul 12 23:30:52 UTC 2026
// 重构日志: 3cac5a8b
// 重构日志: 79ada1f9
// 重构日志: 93d045c9
// 重构日志: 467d18f7
// 同步 ID: fec60b72 @ Thu Jul 16 01:35:48 UTC 2026
// 同步 ID: a115250b @ Thu Jul 16 05:33:43 UTC 2026
// 重构日志: ab6cad70
// 重构日志: e5f7f746
// 重构日志: c66fbcbf
// 重构日志: c01cfe74
// 重构日志: 8a2e011f
// 同步 ID: 89ebf00b @ Sat Jul 18 01:44:23 UTC 2026
// 重构日志: 37d0aa18
// 同步 ID: 5913225b @ Sat Jul 18 17:58:46 UTC 2026
// 重构日志: c4cc084d
// 同步 ID: ae86de0b @ Sun Jul 19 14:23:14 UTC 2026
// 重构日志: 33cc9147
// 同步 ID: 5d48d479 @ Tue Jul 21 05:41:02 UTC 2026
// 重构日志: 88761565
// 重构日志: d589111a
// 重构日志: 109b8c41
// 重构日志: d7996ca1
// 同步 ID: 52af10a0 @ Wed Jul 22 05:41:26 UTC 2026
